[29-Jul-2025 11:29:17] NOTICE: fpm is running, pid 293
[29-Jul-2025 11:29:17] NOTICE: ready to handle connections
[30-Jul-2025 22:02:58] NOTICE: fpm is running, pid 229
[30-Jul-2025 22:02:58] NOTICE: ready to handle connections
[31-Jul-2025 00:30:29] NOTICE: Terminating ...
[31-Jul-2025 00:30:29] NOTICE: exiting, bye-bye!
[31-Jul-2025 00:31:03] NOTICE: fpm is running, pid 226
[31-Jul-2025 00:31:03] NOTICE: ready to handle connections
[31-Jul-2025 00:31:05] NOTICE: Terminating ...
[31-Jul-2025 00:31:05] NOTICE: exiting, bye-bye!
[31-Jul-2025 00:34:43] NOTICE: fpm is running, pid 220
[31-Jul-2025 00:34:43] NOTICE: ready to handle connections
[31-Jul-2025 00:52:54] NOTICE: Terminating ...
[31-Jul-2025 00:52:54] NOTICE: exiting, bye-bye!
[31-Jul-2025 01:42:36] NOTICE: fpm is running, pid 225
[31-Jul-2025 01:42:36] NOTICE: ready to handle connections
[31-Jul-2025 01:48:22] NOTICE: Terminating ...
[31-Jul-2025 01:48:22] NOTICE: exiting, bye-bye!
[31-Jul-2025 01:48:51] NOTICE: fpm is running, pid 227
[31-Jul-2025 01:48:51] NOTICE: ready to handle connections
[31-Jul-2025 01:54:33] NOTICE: Terminating ...
[31-Jul-2025 01:54:33] NOTICE: exiting, bye-bye!
[31-Jul-2025 02:00:30] NOTICE: fpm is running, pid 222
[31-Jul-2025 02:00:30] NOTICE: ready to handle connections
[31-Jul-2025 02:02:08] NOTICE: Terminating ...
[31-Jul-2025 02:02:08] NOTICE: exiting, bye-bye!
[31-Jul-2025 02:03:57] NOTICE: fpm is running, pid 225
[31-Jul-2025 02:03:57] NOTICE: ready to handle connections
[31-Jul-2025 02:04:47] NOTICE: Terminating ...
[31-Jul-2025 02:04:47] NOTICE: exiting, bye-bye!
[31-Jul-2025 02:20:12] NOTICE: fpm is running, pid 227
[31-Jul-2025 02:20:12] NOTICE: ready to handle connections
[31-Jul-2025 12:21:35] NOTICE: fpm is running, pid 234
[31-Jul-2025 12:21:35] NOTICE: ready to handle connections
[31-Jul-2025 23:16:42] NOTICE: fpm is running, pid 226
[31-Jul-2025 23:16:42] NOTICE: ready to handle connections
[02-Aug-2025 14:16:59] NOTICE: fpm is running, pid 227
[02-Aug-2025 14:16:59] NOTICE: ready to handle connections
[05-Aug-2025 12:51:48] NOTICE: fpm is running, pid 223
[05-Aug-2025 12:51:48] NOTICE: ready to handle connections
[06-Aug-2025 16:30:09] NOTICE: fpm is running, pid 224
[06-Aug-2025 16:30:09] NOTICE: ready to handle connections
[06-Aug-2025 22:18:24] NOTICE: Terminating ...
[06-Aug-2025 22:18:24] NOTICE: exiting, bye-bye!
[07-Aug-2025 11:43:34] NOTICE: fpm is running, pid 227
[07-Aug-2025 11:43:34] NOTICE: ready to handle connections
[07-Aug-2025 12:11:42] NOTICE: Terminating ...
[07-Aug-2025 12:11:42] NOTICE: exiting, bye-bye!
