[2025-07-29 09:29:16] local.DEBUG: SQLite Database Path: /app/www/database/app.sqlite  
[2025-07-29 09:29:17] local.DEBUG: Process Apps dispatched  
[2025-07-29 09:29:17] local.DEBUG: Process Apps dispatched  
[2025-07-29 09:29:17] local.DEBUG: Update of all apps triggered!  
[2025-07-29 09:29:17] local.DEBUG: Update of all apps finished!  
[2025-07-29 09:29:17] local.DEBUG: SQLite Database Path: /app/www/database/app.sqlite  
[2025-07-29 09:29:17] local.DEBUG: Process Apps dispatched  
[2025-07-29 09:31:20] local.DEBUG: SQLite Database Path: /app/www/database/app.sqlite  
[2025-07-29 09:31:20] local.DEBUG: Process Apps dispatched  
[2025-07-29 09:33:55] local.DEBUG: SQLite Database Path: /app/www/database/app.sqlite  
[2025-07-29 09:33:55] local.DEBUG: Process Apps dispatched  
[2025-07-29 09:34:54] local.DEBUG: SQLite Database Path: /app/www/database/app.sqlite  
[2025-07-29 09:34:54] local.DEBUG: Process Apps dispatched  
[2025-07-29 09:34:54] local.DEBUG: Get app triggered for:   
[2025-07-29 09:34:54] local.ERROR: Attempt to read property "name" on null {"exception":"[object] (ErrorException(code: 0): Attempt to read property \"name\" on null at /app/www/app/Application.php:141)
[stacktrace]
#0 /app/www/vendor/laravel/framework/src/Illuminate/Foundation/Bootstrap/HandleExceptions.php(256): Illuminate\\Foundation\\Bootstrap\\HandleExceptions->handleError()
#1 /app/www/app/Application.php(141): Illuminate\\Foundation\\Bootstrap\\HandleExceptions->Illuminate\\Foundation\\Bootstrap\\{closure}()
#2 /app/www/app/Http/Controllers/ItemController.php(438): App\\Application::getApp()
#3 /app/www/vendor/laravel/framework/src/Illuminate/Routing/Controller.php(54): App\\Http\\Controllers\\ItemController->appload()
#4 /app/www/vendor/laravel/framework/src/Illuminate/Routing/ControllerDispatcher.php(44): Illuminate\\Routing\\Controller->callAction()
#5 /app/www/vendor/laravel/framework/src/Illuminate/Routing/Route.php(266): Illuminate\\Routing\\ControllerDispatcher->dispatch()
#6 /app/www/vendor/laravel/framework/src/Illuminate/Routing/Route.php(212): Illuminate\\Routing\\Route->runController()
#7 /app/www/vendor/laravel/framework/src/Illuminate/Routing/Router.php(808): Illuminate\\Routing\\Route->run()
#8 /app/www/vendor/laravel/framework/src/Illuminate/Pipeline/Pipeline.php(170): Illuminate\\Routing\\Router->Illuminate\\Routing\\{closure}()
#9 /app/www/app/Http/Middleware/CheckAllowed.php(42): Illuminate\\Pipeline\\Pipeline->Illuminate\\Pipeline\\{closure}()
#10 /app/www/vendor/laravel/framework/src/Illuminate/Pipeline/Pipeline.php(209): App\\Http\\Middleware\\CheckAllowed->handle()
#11 /app/www/app/Http/Controllers/Controller.php(21): Illuminate\\Pipeline\\Pipeline->Illuminate\\Pipeline\\{closure}()
#12 /app/www/vendor/laravel/framework/src/Illuminate/Pipeline/Pipeline.php(191): App\\Http\\Controllers\\Controller->App\\Http\\Controllers\\{closure}()
#13 /app/www/vendor/laravel/framework/src/Illuminate/Routing/Middleware/SubstituteBindings.php(51): Illuminate\\Pipeline\\Pipeline->Illuminate\\Pipeline\\{closure}()
#14 /app/www/vendor/laravel/framework/src/Illuminate/Pipeline/Pipeline.php(209): Illuminate\\Routing\\Middleware\\SubstituteBindings->handle()
#15 /app/www/vendor/laravel/framework/src/Illuminate/Foundation/Http/Middleware/VerifyCsrfToken.php(88): Illuminate\\Pipeline\\Pipeline->Illuminate\\Pipeline\\{closure}()
#16 /app/www/vendor/laravel/framework/src/Illuminate/Pipeline/Pipeline.php(209): Illuminate\\Foundation\\Http\\Middleware\\VerifyCsrfToken->handle()
#17 /app/www/vendor/laravel/framework/src/Illuminate/View/Middleware/ShareErrorsFromSession.php(49): Illuminate\\Pipeline\\Pipeline->Illuminate\\Pipeline\\{closure}()
#18 /app/www/vendor/laravel/framework/src/Illuminate/Pipeline/Pipeline.php(209): Illuminate\\View\\Middleware\\ShareErrorsFromSession->handle()
#19 /app/www/vendor/laravel/framework/src/Illuminate/Session/Middleware/StartSession.php(121): Illuminate\\Pipeline\\Pipeline->Illuminate\\Pipeline\\{closure}()
#20 /app/www/vendor/laravel/framework/src/Illuminate/Session/Middleware/StartSession.php(64): Illuminate\\Session\\Middleware\\StartSession->handleStatefulRequest()
#21 /app/www/vendor/laravel/framework/src/Illuminate/Pipeline/Pipeline.php(209): Illuminate\\Session\\Middleware\\StartSession->handle()
#22 /app/www/vendor/laravel/framework/src/Illuminate/Cookie/Middleware/AddQueuedCookiesToResponse.php(37): Illuminate\\Pipeline\\Pipeline->Illuminate\\Pipeline\\{closure}()
#23 /app/www/vendor/laravel/framework/src/Illuminate/Pipeline/Pipeline.php(209): Illuminate\\Cookie\\Middleware\\AddQueuedCookiesToResponse->handle()
#24 /app/www/vendor/laravel/framework/src/Illuminate/Cookie/Middleware/EncryptCookies.php(75): Illuminate\\Pipeline\\Pipeline->Illuminate\\Pipeline\\{closure}()
#25 /app/www/vendor/laravel/framework/src/Illuminate/Pipeline/Pipeline.php(209): Illuminate\\Cookie\\Middleware\\EncryptCookies->handle()
#26 /app/www/vendor/laravel/framework/src/Illuminate/Pipeline/Pipeline.php(127): Illuminate\\Pipeline\\Pipeline->Illuminate\\Pipeline\\{closure}()
#27 /app/www/vendor/laravel/framework/src/Illuminate/Routing/Router.php(807): Illuminate\\Pipeline\\Pipeline->then()
#28 /app/www/vendor/laravel/framework/src/Illuminate/Routing/Router.php(786): Illuminate\\Routing\\Router->runRouteWithinStack()
#29 /app/www/vendor/laravel/framework/src/Illuminate/Routing/Router.php(750): Illuminate\\Routing\\Router->runRoute()
#30 /app/www/vendor/laravel/framework/src/Illuminate/Routing/Router.php(739): Illuminate\\Routing\\Router->dispatchToRoute()
#31 /app/www/vendor/laravel/framework/src/Illuminate/Foundation/Http/Kernel.php(201): Illuminate\\Routing\\Router->dispatch()
#32 /app/www/vendor/laravel/framework/src/Illuminate/Pipeline/Pipeline.php(170): Illuminate\\Foundation\\Http\\Kernel->Illuminate\\Foundation\\Http\\{closure}()
#33 /app/www/vendor/laravel/framework/src/Illuminate/Foundation/Http/Middleware/PreventRequestsDuringMaintenance.php(110): Illuminate\\Pipeline\\Pipeline->Illuminate\\Pipeline\\{closure}()
#34 /app/www/vendor/laravel/framework/src/Illuminate/Pipeline/Pipeline.php(209): Illuminate\\Foundation\\Http\\Middleware\\PreventRequestsDuringMaintenance->handle()
#35 /app/www/vendor/laravel/framework/src/Illuminate/Foundation/Http/Middleware/TransformsRequest.php(21): Illuminate\\Pipeline\\Pipeline->Illuminate\\Pipeline\\{closure}()
#36 /app/www/vendor/laravel/framework/src/Illuminate/Foundation/Http/Middleware/ConvertEmptyStringsToNull.php(31): Illuminate\\Foundation\\Http\\Middleware\\TransformsRequest->handle()
#37 /app/www/vendor/laravel/framework/src/Illuminate/Pipeline/Pipeline.php(209): Illuminate\\Foundation\\Http\\Middleware\\ConvertEmptyStringsToNull->handle()
#38 /app/www/vendor/laravel/framework/src/Illuminate/Foundation/Http/Middleware/TransformsRequest.php(21): Illuminate\\Pipeline\\Pipeline->Illuminate\\Pipeline\\{closure}()
#39 /app/www/vendor/laravel/framework/src/Illuminate/Foundation/Http/Middleware/TrimStrings.php(51): Illuminate\\Foundation\\Http\\Middleware\\TransformsRequest->handle()
#40 /app/www/vendor/laravel/framework/src/Illuminate/Pipeline/Pipeline.php(209): Illuminate\\Foundation\\Http\\Middleware\\TrimStrings->handle()
#41 /app/www/vendor/laravel/framework/src/Illuminate/Http/Middleware/ValidatePostSize.php(27): Illuminate\\Pipeline\\Pipeline->Illuminate\\Pipeline\\{closure}()
#42 /app/www/vendor/laravel/framework/src/Illuminate/Pipeline/Pipeline.php(209): Illuminate\\Http\\Middleware\\ValidatePostSize->handle()
#43 /app/www/vendor/laravel/framework/src/Illuminate/Foundation/Http/Middleware/PreventRequestsDuringMaintenance.php(110): Illuminate\\Pipeline\\Pipeline->Illuminate\\Pipeline\\{closure}()
#44 /app/www/vendor/laravel/framework/src/Illuminate/Pipeline/Pipeline.php(209): Illuminate\\Foundation\\Http\\Middleware\\PreventRequestsDuringMaintenance->handle()
#45 /app/www/vendor/laravel/framework/src/Illuminate/Http/Middleware/HandleCors.php(49): Illuminate\\Pipeline\\Pipeline->Illuminate\\Pipeline\\{closure}()
#46 /app/www/vendor/laravel/framework/src/Illuminate/Pipeline/Pipeline.php(209): Illuminate\\Http\\Middleware\\HandleCors->handle()
#47 /app/www/vendor/laravel/framework/src/Illuminate/Http/Middleware/TrustProxies.php(58): Illuminate\\Pipeline\\Pipeline->Illuminate\\Pipeline\\{closure}()
#48 /app/www/vendor/laravel/framework/src/Illuminate/Pipeline/Pipeline.php(209): Illuminate\\Http\\Middleware\\TrustProxies->handle()
#49 /app/www/vendor/laravel/framework/src/Illuminate/Foundation/Http/Middleware/InvokeDeferredCallbacks.php(22): Illuminate\\Pipeline\\Pipeline->Illuminate\\Pipeline\\{closure}()
#50 /app/www/vendor/laravel/framework/src/Illuminate/Pipeline/Pipeline.php(209): Illuminate\\Foundation\\Http\\Middleware\\InvokeDeferredCallbacks->handle()
#51 /app/www/vendor/laravel/framework/src/Illuminate/Pipeline/Pipeline.php(127): Illuminate\\Pipeline\\Pipeline->Illuminate\\Pipeline\\{closure}()
#52 /app/www/vendor/laravel/framework/src/Illuminate/Foundation/Http/Kernel.php(176): Illuminate\\Pipeline\\Pipeline->then()
#53 /app/www/vendor/laravel/framework/src/Illuminate/Foundation/Http/Kernel.php(145): Illuminate\\Foundation\\Http\\Kernel->sendRequestThroughRouter()
#54 /app/www/vendor/laravel/framework/src/Illuminate/Foundation/Application.php(1220): Illuminate\\Foundation\\Http\\Kernel->handle()
#55 /app/www/public/index.php(17): Illuminate\\Foundation\\Application->handleRequest()
#56 {main}
"} 
[2025-07-29 09:34:57] local.DEBUG: SQLite Database Path: /app/www/database/app.sqlite  
[2025-07-29 09:34:57] local.DEBUG: Process Apps dispatched  
[2025-07-29 09:38:23] local.DEBUG: SQLite Database Path: /app/www/database/app.sqlite  
[2025-07-29 09:38:23] local.DEBUG: Process Apps dispatched  
[2025-07-29 09:38:26] local.DEBUG: SQLite Database Path: /app/www/database/app.sqlite  
[2025-07-29 09:38:26] local.DEBUG: Process Apps dispatched  
[2025-07-29 09:38:26] local.ERROR: App\Http\Controllers\ItemController::show(): Argument #1 ($id) must be of type int, string given, called in /app/www/vendor/laravel/framework/src/Illuminate/Routing/Controller.php on line 54 {"exception":"[object] (TypeError(code: 0): App\\Http\\Controllers\\ItemController::show(): Argument #1 ($id) must be of type int, string given, called in /app/www/vendor/laravel/framework/src/Illuminate/Routing/Controller.php on line 54 at /app/www/app/Http/Controllers/ItemController.php:363)
[stacktrace]
#0 /app/www/vendor/laravel/framework/src/Illuminate/Routing/Controller.php(54): App\\Http\\Controllers\\ItemController->show()
#1 /app/www/vendor/laravel/framework/src/Illuminate/Routing/ControllerDispatcher.php(44): Illuminate\\Routing\\Controller->callAction()
#2 /app/www/vendor/laravel/framework/src/Illuminate/Routing/Route.php(266): Illuminate\\Routing\\ControllerDispatcher->dispatch()
#3 /app/www/vendor/laravel/framework/src/Illuminate/Routing/Route.php(212): Illuminate\\Routing\\Route->runController()
#4 /app/www/vendor/laravel/framework/src/Illuminate/Routing/Router.php(808): Illuminate\\Routing\\Route->run()
#5 /app/www/vendor/laravel/framework/src/Illuminate/Pipeline/Pipeline.php(170): Illuminate\\Routing\\Router->Illuminate\\Routing\\{closure}()
#6 /app/www/app/Http/Middleware/CheckAllowed.php(42): Illuminate\\Pipeline\\Pipeline->Illuminate\\Pipeline\\{closure}()
#7 /app/www/vendor/laravel/framework/src/Illuminate/Pipeline/Pipeline.php(209): App\\Http\\Middleware\\CheckAllowed->handle()
#8 /app/www/app/Http/Controllers/Controller.php(21): Illuminate\\Pipeline\\Pipeline->Illuminate\\Pipeline\\{closure}()
#9 /app/www/vendor/laravel/framework/src/Illuminate/Pipeline/Pipeline.php(191): App\\Http\\Controllers\\Controller->App\\Http\\Controllers\\{closure}()
#10 /app/www/vendor/laravel/framework/src/Illuminate/Routing/Middleware/SubstituteBindings.php(51): Illuminate\\Pipeline\\Pipeline->Illuminate\\Pipeline\\{closure}()
#11 /app/www/vendor/laravel/framework/src/Illuminate/Pipeline/Pipeline.php(209): Illuminate\\Routing\\Middleware\\SubstituteBindings->handle()
#12 /app/www/vendor/laravel/framework/src/Illuminate/Foundation/Http/Middleware/VerifyCsrfToken.php(88): Illuminate\\Pipeline\\Pipeline->Illuminate\\Pipeline\\{closure}()
#13 /app/www/vendor/laravel/framework/src/Illuminate/Pipeline/Pipeline.php(209): Illuminate\\Foundation\\Http\\Middleware\\VerifyCsrfToken->handle()
#14 /app/www/vendor/laravel/framework/src/Illuminate/View/Middleware/ShareErrorsFromSession.php(49): Illuminate\\Pipeline\\Pipeline->Illuminate\\Pipeline\\{closure}()
#15 /app/www/vendor/laravel/framework/src/Illuminate/Pipeline/Pipeline.php(209): Illuminate\\View\\Middleware\\ShareErrorsFromSession->handle()
#16 /app/www/vendor/laravel/framework/src/Illuminate/Session/Middleware/StartSession.php(121): Illuminate\\Pipeline\\Pipeline->Illuminate\\Pipeline\\{closure}()
#17 /app/www/vendor/laravel/framework/src/Illuminate/Session/Middleware/StartSession.php(64): Illuminate\\Session\\Middleware\\StartSession->handleStatefulRequest()
#18 /app/www/vendor/laravel/framework/src/Illuminate/Pipeline/Pipeline.php(209): Illuminate\\Session\\Middleware\\StartSession->handle()
#19 /app/www/vendor/laravel/framework/src/Illuminate/Cookie/Middleware/AddQueuedCookiesToResponse.php(37): Illuminate\\Pipeline\\Pipeline->Illuminate\\Pipeline\\{closure}()
#20 /app/www/vendor/laravel/framework/src/Illuminate/Pipeline/Pipeline.php(209): Illuminate\\Cookie\\Middleware\\AddQueuedCookiesToResponse->handle()
#21 /app/www/vendor/laravel/framework/src/Illuminate/Cookie/Middleware/EncryptCookies.php(75): Illuminate\\Pipeline\\Pipeline->Illuminate\\Pipeline\\{closure}()
#22 /app/www/vendor/laravel/framework/src/Illuminate/Pipeline/Pipeline.php(209): Illuminate\\Cookie\\Middleware\\EncryptCookies->handle()
#23 /app/www/vendor/laravel/framework/src/Illuminate/Pipeline/Pipeline.php(127): Illuminate\\Pipeline\\Pipeline->Illuminate\\Pipeline\\{closure}()
#24 /app/www/vendor/laravel/framework/src/Illuminate/Routing/Router.php(807): Illuminate\\Pipeline\\Pipeline->then()
#25 /app/www/vendor/laravel/framework/src/Illuminate/Routing/Router.php(786): Illuminate\\Routing\\Router->runRouteWithinStack()
#26 /app/www/vendor/laravel/framework/src/Illuminate/Routing/Router.php(750): Illuminate\\Routing\\Router->runRoute()
#27 /app/www/vendor/laravel/framework/src/Illuminate/Routing/Router.php(739): Illuminate\\Routing\\Router->dispatchToRoute()
#28 /app/www/vendor/laravel/framework/src/Illuminate/Foundation/Http/Kernel.php(201): Illuminate\\Routing\\Router->dispatch()
#29 /app/www/vendor/laravel/framework/src/Illuminate/Pipeline/Pipeline.php(170): Illuminate\\Foundation\\Http\\Kernel->Illuminate\\Foundation\\Http\\{closure}()
#30 /app/www/vendor/laravel/framework/src/Illuminate/Foundation/Http/Middleware/PreventRequestsDuringMaintenance.php(110): Illuminate\\Pipeline\\Pipeline->Illuminate\\Pipeline\\{closure}()
#31 /app/www/vendor/laravel/framework/src/Illuminate/Pipeline/Pipeline.php(209): Illuminate\\Foundation\\Http\\Middleware\\PreventRequestsDuringMaintenance->handle()
#32 /app/www/vendor/laravel/framework/src/Illuminate/Foundation/Http/Middleware/TransformsRequest.php(21): Illuminate\\Pipeline\\Pipeline->Illuminate\\Pipeline\\{closure}()
#33 /app/www/vendor/laravel/framework/src/Illuminate/Foundation/Http/Middleware/ConvertEmptyStringsToNull.php(31): Illuminate\\Foundation\\Http\\Middleware\\TransformsRequest->handle()
#34 /app/www/vendor/laravel/framework/src/Illuminate/Pipeline/Pipeline.php(209): Illuminate\\Foundation\\Http\\Middleware\\ConvertEmptyStringsToNull->handle()
#35 /app/www/vendor/laravel/framework/src/Illuminate/Foundation/Http/Middleware/TransformsRequest.php(21): Illuminate\\Pipeline\\Pipeline->Illuminate\\Pipeline\\{closure}()
#36 /app/www/vendor/laravel/framework/src/Illuminate/Foundation/Http/Middleware/TrimStrings.php(51): Illuminate\\Foundation\\Http\\Middleware\\TransformsRequest->handle()
#37 /app/www/vendor/laravel/framework/src/Illuminate/Pipeline/Pipeline.php(209): Illuminate\\Foundation\\Http\\Middleware\\TrimStrings->handle()
#38 /app/www/vendor/laravel/framework/src/Illuminate/Http/Middleware/ValidatePostSize.php(27): Illuminate\\Pipeline\\Pipeline->Illuminate\\Pipeline\\{closure}()
#39 /app/www/vendor/laravel/framework/src/Illuminate/Pipeline/Pipeline.php(209): Illuminate\\Http\\Middleware\\ValidatePostSize->handle()
#40 /app/www/vendor/laravel/framework/src/Illuminate/Foundation/Http/Middleware/PreventRequestsDuringMaintenance.php(110): Illuminate\\Pipeline\\Pipeline->Illuminate\\Pipeline\\{closure}()
#41 /app/www/vendor/laravel/framework/src/Illuminate/Pipeline/Pipeline.php(209): Illuminate\\Foundation\\Http\\Middleware\\PreventRequestsDuringMaintenance->handle()
#42 /app/www/vendor/laravel/framework/src/Illuminate/Http/Middleware/HandleCors.php(49): Illuminate\\Pipeline\\Pipeline->Illuminate\\Pipeline\\{closure}()
#43 /app/www/vendor/laravel/framework/src/Illuminate/Pipeline/Pipeline.php(209): Illuminate\\Http\\Middleware\\HandleCors->handle()
#44 /app/www/vendor/laravel/framework/src/Illuminate/Http/Middleware/TrustProxies.php(58): Illuminate\\Pipeline\\Pipeline->Illuminate\\Pipeline\\{closure}()
#45 /app/www/vendor/laravel/framework/src/Illuminate/Pipeline/Pipeline.php(209): Illuminate\\Http\\Middleware\\TrustProxies->handle()
#46 /app/www/vendor/laravel/framework/src/Illuminate/Foundation/Http/Middleware/InvokeDeferredCallbacks.php(22): Illuminate\\Pipeline\\Pipeline->Illuminate\\Pipeline\\{closure}()
#47 /app/www/vendor/laravel/framework/src/Illuminate/Pipeline/Pipeline.php(209): Illuminate\\Foundation\\Http\\Middleware\\InvokeDeferredCallbacks->handle()
#48 /app/www/vendor/laravel/framework/src/Illuminate/Pipeline/Pipeline.php(127): Illuminate\\Pipeline\\Pipeline->Illuminate\\Pipeline\\{closure}()
#49 /app/www/vendor/laravel/framework/src/Illuminate/Foundation/Http/Kernel.php(176): Illuminate\\Pipeline\\Pipeline->then()
#50 /app/www/vendor/laravel/framework/src/Illuminate/Foundation/Http/Kernel.php(145): Illuminate\\Foundation\\Http\\Kernel->sendRequestThroughRouter()
#51 /app/www/vendor/laravel/framework/src/Illuminate/Foundation/Application.php(1220): Illuminate\\Foundation\\Http\\Kernel->handle()
#52 /app/www/public/index.php(17): Illuminate\\Foundation\\Application->handleRequest()
#53 {main}
"} 
[2025-07-29 09:39:46] local.DEBUG: SQLite Database Path: /app/www/database/app.sqlite  
[2025-07-29 09:39:46] local.DEBUG: Process Apps dispatched  
[2025-07-29 09:39:46] local.WARNING: Blocked access to private or reserved IPs. {"ip":"10.0.2.15","host":"10.0.2.15"} 
[2025-07-29 09:39:57] local.DEBUG: SQLite Database Path: /app/www/database/app.sqlite  
[2025-07-29 09:39:57] local.DEBUG: Process Apps dispatched  
[2025-07-29 09:39:57] local.DEBUG: SQLite Database Path: /app/www/database/app.sqlite  
[2025-07-29 09:39:57] local.DEBUG: Process Apps dispatched  
[2025-07-29 09:40:00] local.DEBUG: SQLite Database Path: /app/www/database/app.sqlite  
[2025-07-29 09:40:00] local.DEBUG: Process Apps dispatched  
[2025-07-29 09:40:01] local.DEBUG: SQLite Database Path: /app/www/database/app.sqlite  
[2025-07-29 09:40:01] local.DEBUG: Process Apps dispatched  
[2025-07-29 09:40:24] local.DEBUG: SQLite Database Path: /app/www/database/app.sqlite  
[2025-07-29 09:40:24] local.DEBUG: Process Apps dispatched  
[2025-07-29 09:40:33] local.DEBUG: SQLite Database Path: /app/www/database/app.sqlite  
[2025-07-29 09:40:33] local.DEBUG: Process Apps dispatched  
[2025-07-29 09:40:36] local.DEBUG: SQLite Database Path: /app/www/database/app.sqlite  
[2025-07-29 09:40:36] local.DEBUG: Process Apps dispatched  
[2025-07-29 09:40:39] local.DEBUG: SQLite Database Path: /app/www/database/app.sqlite  
[2025-07-29 09:40:39] local.DEBUG: Process Apps dispatched  
[2025-07-29 09:40:40] local.DEBUG: SQLite Database Path: /app/www/database/app.sqlite  
[2025-07-29 09:40:40] local.DEBUG: Process Apps dispatched  
[2025-07-29 09:40:43] local.DEBUG: SQLite Database Path: /app/www/database/app.sqlite  
[2025-07-29 09:40:43] local.DEBUG: Process Apps dispatched  
[2025-07-29 09:40:46] local.DEBUG: SQLite Database Path: /app/www/database/app.sqlite  
[2025-07-29 09:40:46] local.DEBUG: Process Apps dispatched  
[2025-07-29 09:40:50] local.DEBUG: SQLite Database Path: /app/www/database/app.sqlite  
[2025-07-29 09:40:50] local.DEBUG: Process Apps dispatched  
[2025-07-29 09:40:50] local.DEBUG: SQLite Database Path: /app/www/database/app.sqlite  
[2025-07-29 09:40:50] local.DEBUG: Process Apps dispatched  
[2025-07-29 09:41:07] local.DEBUG: SQLite Database Path: /app/www/database/app.sqlite  
[2025-07-29 09:41:07] local.DEBUG: Process Apps dispatched  
[2025-07-29 09:41:13] local.DEBUG: SQLite Database Path: /app/www/database/app.sqlite  
[2025-07-29 09:41:13] local.DEBUG: Process Apps dispatched  
[2025-07-29 09:41:23] local.DEBUG: SQLite Database Path: /app/www/database/app.sqlite  
[2025-07-29 09:41:23] local.DEBUG: Process Apps dispatched  
[2025-07-29 09:41:26] local.DEBUG: SQLite Database Path: /app/www/database/app.sqlite  
[2025-07-29 09:41:26] local.DEBUG: Process Apps dispatched  
[2025-07-29 09:41:26] local.DEBUG: SQLite Database Path: /app/www/database/app.sqlite  
[2025-07-29 09:41:26] local.DEBUG: Process Apps dispatched  
[2025-07-29 09:41:28] local.DEBUG: SQLite Database Path: /app/www/database/app.sqlite  
[2025-07-29 09:41:28] local.DEBUG: Process Apps dispatched  
[2025-07-29 09:41:39] local.DEBUG: SQLite Database Path: /app/www/database/app.sqlite  
[2025-07-29 09:41:39] local.DEBUG: Process Apps dispatched  
[2025-07-29 09:41:54] local.DEBUG: SQLite Database Path: /app/www/database/app.sqlite  
[2025-07-29 09:41:54] local.DEBUG: Process Apps dispatched  
[2025-07-29 09:41:55] local.DEBUG: SQLite Database Path: /app/www/database/app.sqlite  
[2025-07-29 09:41:55] local.DEBUG: Process Apps dispatched  
[2025-07-29 09:41:59] local.DEBUG: SQLite Database Path: /app/www/database/app.sqlite  
[2025-07-29 09:41:59] local.DEBUG: Process Apps dispatched  
[2025-07-29 09:42:01] local.DEBUG: SQLite Database Path: /app/www/database/app.sqlite  
[2025-07-29 09:42:01] local.DEBUG: Process Apps dispatched  
[2025-07-29 09:42:01] local.DEBUG: SQLite Database Path: /app/www/database/app.sqlite  
[2025-07-29 09:42:01] local.DEBUG: Process Apps dispatched  
[2025-07-29 09:42:04] local.DEBUG: SQLite Database Path: /app/www/database/app.sqlite  
[2025-07-29 09:42:04] local.DEBUG: Process Apps dispatched  
[2025-07-29 09:51:34] local.DEBUG: SQLite Database Path: /app/www/database/app.sqlite  
[2025-07-29 09:51:34] local.DEBUG: Process Apps dispatched  
[2025-07-29 10:14:14] local.DEBUG: SQLite Database Path: /app/www/database/app.sqlite  
[2025-07-29 10:14:14] local.DEBUG: Process Apps dispatched  
[2025-07-29 10:45:24] local.DEBUG: SQLite Database Path: /app/www/database/app.sqlite  
[2025-07-29 10:45:24] local.DEBUG: Process Apps dispatched  
[2025-07-29 10:45:28] local.DEBUG: SQLite Database Path: /app/www/database/app.sqlite  
[2025-07-29 10:45:28] local.DEBUG: Process Apps dispatched  
[2025-07-29 10:45:49] local.DEBUG: SQLite Database Path: /app/www/database/app.sqlite  
[2025-07-29 10:45:49] local.DEBUG: Process Apps dispatched  
[2025-07-29 10:45:50] local.DEBUG: SQLite Database Path: /app/www/database/app.sqlite  
[2025-07-29 10:45:50] local.DEBUG: Process Apps dispatched  
[2025-07-29 10:45:51] local.DEBUG: SQLite Database Path: /app/www/database/app.sqlite  
[2025-07-29 10:45:51] local.DEBUG: Process Apps dispatched  
[2025-07-29 10:45:52] local.DEBUG: SQLite Database Path: /app/www/database/app.sqlite  
[2025-07-29 10:45:52] local.DEBUG: Process Apps dispatched  
[2025-07-29 10:45:56] local.DEBUG: SQLite Database Path: /app/www/database/app.sqlite  
[2025-07-29 10:45:56] local.DEBUG: Process Apps dispatched  
[2025-07-29 10:45:58] local.DEBUG: SQLite Database Path: /app/www/database/app.sqlite  
[2025-07-29 10:45:58] local.DEBUG: Process Apps dispatched  
[2025-07-29 10:46:28] local.DEBUG: SQLite Database Path: /app/www/database/app.sqlite  
[2025-07-29 10:46:28] local.DEBUG: Process Apps dispatched  
[2025-07-29 10:46:29] local.DEBUG: SQLite Database Path: /app/www/database/app.sqlite  
[2025-07-29 10:46:29] local.DEBUG: Process Apps dispatched  
[2025-07-29 10:46:50] local.DEBUG: SQLite Database Path: /app/www/database/app.sqlite  
[2025-07-29 10:46:50] local.DEBUG: Process Apps dispatched  
[2025-07-29 10:59:30] local.DEBUG: SQLite Database Path: /app/www/database/app.sqlite  
[2025-07-29 10:59:30] local.DEBUG: Process Apps dispatched  
[2025-07-29 10:59:34] local.DEBUG: SQLite Database Path: /app/www/database/app.sqlite  
[2025-07-29 10:59:34] local.DEBUG: Process Apps dispatched  
[2025-07-29 10:59:35] local.DEBUG: SQLite Database Path: /app/www/database/app.sqlite  
[2025-07-29 10:59:35] local.DEBUG: Process Apps dispatched  
[2025-07-29 11:00:52] local.DEBUG: SQLite Database Path: /app/www/database/app.sqlite  
[2025-07-29 11:00:52] local.DEBUG: Process Apps dispatched  
[2025-07-29 11:00:52] local.DEBUG: SQLite Database Path: /app/www/database/app.sqlite  
[2025-07-29 11:00:52] local.DEBUG: Process Apps dispatched  
[2025-07-29 11:07:14] local.DEBUG: SQLite Database Path: /app/www/database/app.sqlite  
[2025-07-29 11:07:14] local.DEBUG: Process Apps dispatched  
[2025-07-29 11:14:16] local.DEBUG: SQLite Database Path: /app/www/database/app.sqlite  
[2025-07-29 11:14:16] local.DEBUG: Process Apps dispatched  
[2025-07-29 11:14:19] local.DEBUG: SQLite Database Path: /app/www/database/app.sqlite  
[2025-07-29 11:14:19] local.DEBUG: Process Apps dispatched  
[2025-07-29 11:14:23] local.DEBUG: SQLite Database Path: /app/www/database/app.sqlite  
[2025-07-29 11:14:23] local.DEBUG: Process Apps dispatched  
[2025-07-29 11:15:17] local.DEBUG: SQLite Database Path: /app/www/database/app.sqlite  
[2025-07-29 11:15:17] local.DEBUG: Process Apps dispatched  
[2025-07-29 11:15:18] local.DEBUG: SQLite Database Path: /app/www/database/app.sqlite  
[2025-07-29 11:15:18] local.DEBUG: Process Apps dispatched  
[2025-07-29 11:15:18] local.DEBUG: SQLite Database Path: /app/www/database/app.sqlite  
[2025-07-29 11:15:18] local.DEBUG: Process Apps dispatched  
[2025-07-29 11:15:21] local.DEBUG: SQLite Database Path: /app/www/database/app.sqlite  
[2025-07-29 11:15:21] local.DEBUG: Process Apps dispatched  
[2025-07-29 11:16:13] local.DEBUG: SQLite Database Path: /app/www/database/app.sqlite  
[2025-07-29 11:16:13] local.DEBUG: Process Apps dispatched  
[2025-07-29 11:16:13] local.DEBUG: SQLite Database Path: /app/www/database/app.sqlite  
[2025-07-29 11:16:13] local.DEBUG: Process Apps dispatched  
[2025-07-29 11:16:16] local.DEBUG: SQLite Database Path: /app/www/database/app.sqlite  
[2025-07-29 11:16:16] local.DEBUG: Process Apps dispatched  
[2025-07-29 11:16:19] local.DEBUG: SQLite Database Path: /app/www/database/app.sqlite  
[2025-07-29 11:16:19] local.DEBUG: Process Apps dispatched  
[2025-07-29 11:16:21] local.DEBUG: SQLite Database Path: /app/www/database/app.sqlite  
[2025-07-29 11:16:21] local.DEBUG: Process Apps dispatched  
[2025-07-29 11:16:21] local.DEBUG: SQLite Database Path: /app/www/database/app.sqlite  
[2025-07-29 11:16:21] local.DEBUG: Process Apps dispatched  
[2025-07-29 11:16:22] local.DEBUG: SQLite Database Path: /app/www/database/app.sqlite  
[2025-07-29 11:16:22] local.DEBUG: Process Apps dispatched  
[2025-07-29 11:16:24] local.DEBUG: SQLite Database Path: /app/www/database/app.sqlite  
[2025-07-29 11:16:24] local.DEBUG: Process Apps dispatched  
[2025-07-29 11:16:24] local.DEBUG: SQLite Database Path: /app/www/database/app.sqlite  
[2025-07-29 11:16:24] local.DEBUG: Process Apps dispatched  
[2025-07-29 11:16:25] local.DEBUG: SQLite Database Path: /app/www/database/app.sqlite  
[2025-07-29 11:16:25] local.DEBUG: Process Apps dispatched  
[2025-07-29 11:16:26] local.DEBUG: SQLite Database Path: /app/www/database/app.sqlite  
[2025-07-29 11:16:26] local.DEBUG: Process Apps dispatched  
[2025-07-29 11:16:27] local.DEBUG: SQLite Database Path: /app/www/database/app.sqlite  
[2025-07-29 11:16:27] local.DEBUG: Process Apps dispatched  
[2025-07-29 11:16:28] local.DEBUG: SQLite Database Path: /app/www/database/app.sqlite  
[2025-07-29 11:16:28] local.DEBUG: Process Apps dispatched  
[2025-07-29 11:16:29] local.DEBUG: SQLite Database Path: /app/www/database/app.sqlite  
[2025-07-29 11:16:29] local.DEBUG: Process Apps dispatched  
[2025-07-29 11:16:29] local.DEBUG: SQLite Database Path: /app/www/database/app.sqlite  
[2025-07-29 11:16:29] local.DEBUG: Process Apps dispatched  
[2025-07-29 11:16:31] local.DEBUG: SQLite Database Path: /app/www/database/app.sqlite  
[2025-07-29 11:16:31] local.DEBUG: Process Apps dispatched  
[2025-07-29 11:16:34] local.DEBUG: SQLite Database Path: /app/www/database/app.sqlite  
[2025-07-29 11:16:34] local.DEBUG: Process Apps dispatched  
[2025-07-29 11:16:34] local.DEBUG: SQLite Database Path: /app/www/database/app.sqlite  
[2025-07-29 11:16:35] local.DEBUG: Process Apps dispatched  
[2025-07-29 11:35:52] local.DEBUG: SQLite Database Path: /app/www/database/app.sqlite  
[2025-07-29 11:35:52] local.DEBUG: Process Apps dispatched  
[2025-07-29 12:45:45] local.DEBUG: SQLite Database Path: /app/www/database/app.sqlite  
[2025-07-29 12:45:45] local.DEBUG: Process Apps dispatched  
[2025-07-29 12:46:05] local.DEBUG: SQLite Database Path: /app/www/database/app.sqlite  
[2025-07-29 12:46:05] local.DEBUG: Process Apps dispatched  
[2025-07-29 12:46:08] local.DEBUG: SQLite Database Path: /app/www/database/app.sqlite  
[2025-07-29 12:46:08] local.DEBUG: Process Apps dispatched  
[2025-07-29 12:48:31] local.DEBUG: SQLite Database Path: /app/www/database/app.sqlite  
[2025-07-29 12:48:31] local.DEBUG: Process Apps dispatched  
[2025-07-29 12:48:32] local.DEBUG: SQLite Database Path: /app/www/database/app.sqlite  
[2025-07-29 12:48:32] local.DEBUG: Process Apps dispatched  
[2025-07-29 12:48:36] local.DEBUG: SQLite Database Path: /app/www/database/app.sqlite  
[2025-07-29 12:48:36] local.DEBUG: Process Apps dispatched  
[2025-07-29 12:48:36] local.DEBUG: SQLite Database Path: /app/www/database/app.sqlite  
[2025-07-29 12:48:36] local.DEBUG: Process Apps dispatched  
[2025-07-29 12:48:56] local.DEBUG: SQLite Database Path: /app/www/database/app.sqlite  
[2025-07-29 12:48:56] local.DEBUG: Process Apps dispatched  
[2025-07-29 12:48:59] local.DEBUG: SQLite Database Path: /app/www/database/app.sqlite  
[2025-07-29 12:48:59] local.DEBUG: Process Apps dispatched  
[2025-07-29 12:49:10] local.DEBUG: SQLite Database Path: /app/www/database/app.sqlite  
[2025-07-29 12:49:10] local.DEBUG: Process Apps dispatched  
[2025-07-29 12:49:13] local.DEBUG: SQLite Database Path: /app/www/database/app.sqlite  
[2025-07-29 12:49:13] local.DEBUG: Process Apps dispatched  
[2025-07-29 12:49:13] local.DEBUG: SQLite Database Path: /app/www/database/app.sqlite  
[2025-07-29 12:49:13] local.DEBUG: Process Apps dispatched  
[2025-07-29 12:49:23] local.DEBUG: SQLite Database Path: /app/www/database/app.sqlite  
[2025-07-29 12:49:23] local.DEBUG: Process Apps dispatched  
[2025-07-29 12:49:36] local.DEBUG: SQLite Database Path: /app/www/database/app.sqlite  
[2025-07-29 12:49:36] local.DEBUG: Process Apps dispatched  
[2025-07-29 13:17:03] local.DEBUG: SQLite Database Path: /app/www/database/app.sqlite  
[2025-07-29 13:17:03] local.DEBUG: Process Apps dispatched  
[2025-07-29 13:26:09] local.DEBUG: SQLite Database Path: /app/www/database/app.sqlite  
[2025-07-29 13:26:09] local.DEBUG: Process Apps dispatched  
[2025-07-29 13:26:10] local.DEBUG: SQLite Database Path: /app/www/database/app.sqlite  
[2025-07-29 13:26:10] local.DEBUG: Process Apps dispatched  
[2025-07-29 13:26:12] local.DEBUG: SQLite Database Path: /app/www/database/app.sqlite  
[2025-07-29 13:26:12] local.DEBUG: Process Apps dispatched  
[2025-07-29 13:26:23] local.DEBUG: SQLite Database Path: /app/www/database/app.sqlite  
[2025-07-29 13:26:23] local.DEBUG: Process Apps dispatched  
[2025-07-29 13:26:25] local.DEBUG: SQLite Database Path: /app/www/database/app.sqlite  
[2025-07-29 13:26:25] local.DEBUG: Process Apps dispatched  
[2025-07-29 13:26:29] local.DEBUG: SQLite Database Path: /app/www/database/app.sqlite  
[2025-07-29 13:26:29] local.DEBUG: Process Apps dispatched  
[2025-07-29 13:26:31] local.DEBUG: SQLite Database Path: /app/www/database/app.sqlite  
[2025-07-29 13:26:31] local.DEBUG: Process Apps dispatched  
[2025-07-29 13:26:31] local.DEBUG: Process Apps dispatched  
[2025-07-29 13:26:31] local.DEBUG: SQLite Database Path: /app/www/database/app.sqlite  
[2025-07-29 13:26:31] local.DEBUG: Process Apps dispatched  
[2025-07-29 13:26:33] local.DEBUG: SQLite Database Path: /app/www/database/app.sqlite  
[2025-07-29 13:26:33] local.DEBUG: Process Apps dispatched  
[2025-07-29 13:26:35] local.DEBUG: SQLite Database Path: /app/www/database/app.sqlite  
[2025-07-29 13:26:35] local.DEBUG: Process Apps dispatched  
[2025-07-29 13:26:36] local.DEBUG: SQLite Database Path: /app/www/database/app.sqlite  
[2025-07-29 13:26:36] local.DEBUG: Process Apps dispatched  
[2025-07-29 13:26:38] local.DEBUG: SQLite Database Path: /app/www/database/app.sqlite  
[2025-07-29 13:26:38] local.DEBUG: Process Apps dispatched  
[2025-07-29 13:26:52] local.DEBUG: SQLite Database Path: /app/www/database/app.sqlite  
[2025-07-29 13:26:52] local.DEBUG: Process Apps dispatched  
[2025-07-29 13:26:52] local.DEBUG: SQLite Database Path: /app/www/database/app.sqlite  
[2025-07-29 13:26:52] local.DEBUG: Process Apps dispatched  
[2025-07-29 13:26:57] local.DEBUG: SQLite Database Path: /app/www/database/app.sqlite  
[2025-07-29 13:26:57] local.DEBUG: Process Apps dispatched  
[2025-07-29 13:27:00] local.DEBUG: SQLite Database Path: /app/www/database/app.sqlite  
[2025-07-29 13:27:00] local.DEBUG: Process Apps dispatched  
[2025-07-29 13:27:07] local.DEBUG: SQLite Database Path: /app/www/database/app.sqlite  
[2025-07-29 13:27:07] local.DEBUG: Process Apps dispatched  
[2025-07-29 13:27:07] local.DEBUG: SQLite Database Path: /app/www/database/app.sqlite  
[2025-07-29 13:27:07] local.DEBUG: Process Apps dispatched  
[2025-07-29 13:27:14] local.DEBUG: SQLite Database Path: /app/www/database/app.sqlite  
[2025-07-29 13:27:14] local.DEBUG: Process Apps dispatched  
[2025-07-29 13:27:16] local.DEBUG: SQLite Database Path: /app/www/database/app.sqlite  
[2025-07-29 13:27:16] local.DEBUG: Process Apps dispatched  
[2025-07-29 13:27:17] local.DEBUG: SQLite Database Path: /app/www/database/app.sqlite  
[2025-07-29 13:27:17] local.DEBUG: Process Apps dispatched  
[2025-07-29 13:27:19] local.DEBUG: SQLite Database Path: /app/www/database/app.sqlite  
[2025-07-29 13:27:19] local.DEBUG: Process Apps dispatched  
[2025-07-29 13:27:20] local.DEBUG: SQLite Database Path: /app/www/database/app.sqlite  
[2025-07-29 13:27:20] local.DEBUG: Process Apps dispatched  
[2025-07-29 13:27:23] local.DEBUG: SQLite Database Path: /app/www/database/app.sqlite  
[2025-07-29 13:27:23] local.DEBUG: Process Apps dispatched  
[2025-07-29 13:27:28] local.DEBUG: SQLite Database Path: /app/www/database/app.sqlite  
[2025-07-29 13:27:28] local.DEBUG: Process Apps dispatched  
[2025-07-29 13:27:39] local.DEBUG: SQLite Database Path: /app/www/database/app.sqlite  
[2025-07-29 13:27:39] local.DEBUG: Process Apps dispatched  
[2025-07-29 13:27:42] local.DEBUG: SQLite Database Path: /app/www/database/app.sqlite  
[2025-07-29 13:27:42] local.DEBUG: Process Apps dispatched  
[2025-07-29 13:27:43] local.DEBUG: SQLite Database Path: /app/www/database/app.sqlite  
[2025-07-29 13:27:43] local.DEBUG: Process Apps dispatched  
[2025-07-29 13:33:04] local.DEBUG: SQLite Database Path: /app/www/database/app.sqlite  
[2025-07-29 13:33:04] local.DEBUG: Process Apps dispatched  
[2025-07-29 15:42:59] local.DEBUG: SQLite Database Path: /app/www/database/app.sqlite  
[2025-07-29 15:42:59] local.DEBUG: Process Apps dispatched  
[2025-07-29 15:43:07] local.DEBUG: SQLite Database Path: /app/www/database/app.sqlite  
[2025-07-29 15:43:07] local.DEBUG: Process Apps dispatched  
[2025-07-29 15:43:13] local.DEBUG: SQLite Database Path: /app/www/database/app.sqlite  
[2025-07-29 15:43:13] local.DEBUG: Process Apps dispatched  
[2025-07-29 15:43:13] local.DEBUG: SQLite Database Path: /app/www/database/app.sqlite  
[2025-07-29 15:43:13] local.DEBUG: Process Apps dispatched  
[2025-07-29 19:51:59] local.DEBUG: SQLite Database Path: /app/www/database/app.sqlite  
[2025-07-29 19:51:59] local.DEBUG: Process Apps dispatched  
